cl : Command line warning D9025: overriding '/MT' with '/MTd'
  Vector.cpp
  sample.cpp
c:\users\edward\documents\cosc 6344 visualization\edward lie final assignment\edward lie final assignment\sample_skeleton_proj_vs2013\skeleton\sample.cpp(588): warning C4101: 'vx' : unreferenced local variable
c:\users\edward\documents\cosc 6344 visualization\edward lie final assignment\edward lie final assignment\sample_skeleton_proj_vs2013\skeleton\sample.cpp(590): warning C4101: 'scale2' : unreferenced local variable
c:\users\edward\documents\cosc 6344 visualization\edward lie final assignment\edward lie final assignment\sample_skeleton_proj_vs2013\skeleton\sample.cpp(588): warning C4101: 'v' : unreferenced local variable
c:\users\edward\documents\cosc 6344 visualization\edward lie final assignment\edward lie final assignment\sample_skeleton_proj_vs2013\skeleton\sample.cpp(588): warning C4101: 'vy' : unreferenced local variable
c:\users\edward\documents\cosc 6344 visualization\edward lie final assignment\edward lie final assignment\sample_skeleton_proj_vs2013\skeleton\sample.cpp(589): warning C4101: 'xl' : unreferenced local variable
c:\users\edward\documents\cosc 6344 visualization\edward lie final assignment\edward lie final assignment\sample_skeleton_proj_vs2013\skeleton\sample.cpp(589): warning C4101: 'yb' : unreferenced local variable
c:\users\edward\documents\cosc 6344 visualization\edward lie final assignment\edward lie final assignment\sample_skeleton_proj_vs2013\skeleton\sample.cpp(712): warning C4101: 'scale' : unreferenced local variable
c:\users\edward\documents\cosc 6344 visualization\edward lie final assignment\edward lie final assignment\sample_skeleton_proj_vs2013\skeleton\sample.cpp(710): warning C4101: 'group' : unreferenced local variable
c:\users\edward\documents\cosc 6344 visualization\edward lie final assignment\edward lie final assignment\sample_skeleton_proj_vs2013\skeleton\sample.cpp(711): warning C4101: 'rot' : unreferenced local variable
c:\users\edward\documents\cosc 6344 visualization\edward lie final assignment\edward lie final assignment\sample_skeleton_proj_vs2013\skeleton\sample.cpp(712): warning C4101: 'trans' : unreferenced local variable
c:\users\edward\documents\cosc 6344 visualization\edward lie final assignment\edward lie final assignment\sample_skeleton_proj_vs2013\skeleton\sample.cpp(714): warning C4101: 'str' : unreferenced local variable
c:\users\edward\documents\cosc 6344 visualization\edward lie final assignment\edward lie final assignment\sample_skeleton_proj_vs2013\skeleton\sample.cpp(1233): warning C4005: 'X' : macro redefinition
          c:\users\edward\documents\cosc 6344 visualization\edward lie final assignment\edward lie final assignment\sample_skeleton_proj_vs2013\skeleton\sample.cpp(296) : see previous definition of 'X'
c:\users\edward\documents\cosc 6344 visualization\edward lie final assignment\edward lie final assignment\sample_skeleton_proj_vs2013\skeleton\sample.cpp(1234): warning C4005: 'Y' : macro redefinition
          c:\users\edward\documents\cosc 6344 visualization\edward lie final assignment\edward lie final assignment\sample_skeleton_proj_vs2013\skeleton\sample.cpp(297) : see previous definition of 'Y'
c:\users\edward\documents\cosc 6344 visualization\edward lie final assignment\edward lie final assignment\sample_skeleton_proj_vs2013\skeleton\sample.cpp(1235): warning C4005: 'Z' : macro redefinition
          c:\users\edward\documents\cosc 6344 visualization\edward lie final assignment\edward lie final assignment\sample_skeleton_proj_vs2013\skeleton\sample.cpp(298) : see previous definition of 'Z'
c:\users\edward\documents\cosc 6344 visualization\edward lie final assignment\edward lie final assignment\sample_skeleton_proj_vs2013\skeleton\sample.cpp(1632): warning C4305: 'initializing' : truncation from 'double' to 'GLfloat'
c:\users\edward\documents\cosc 6344 visualization\edward lie final assignment\edward lie final assignment\sample_skeleton_proj_vs2013\skeleton\sample.cpp(1633): warning C4305: 'initializing' : truncation from 'double' to 'GLfloat'
c:\users\edward\documents\cosc 6344 visualization\edward lie final assignment\edward lie final assignment\sample_skeleton_proj_vs2013\skeleton\sample.cpp(1666): warning C4305: '=' : truncation from 'double' to 'GLfloat'
c:\users\edward\documents\cosc 6344 visualization\edward lie final assignment\edward lie final assignment\sample_skeleton_proj_vs2013\skeleton\sample.cpp(1683): warning C4101: 'mat_diffuse' : unreferenced local variable
c:\users\edward\documents\cosc 6344 visualization\edward lie final assignment\edward lie final assignment\sample_skeleton_proj_vs2013\skeleton\sample.cpp(1826): warning C4101: 'jitter' : unreferenced local variable
c:\users\edward\documents\cosc 6344 visualization\edward lie final assignment\edward lie final assignment\sample_skeleton_proj_vs2013\skeleton\sample.cpp(1843): warning C4101: 'w' : unreferenced local variable
c:\users\edward\documents\cosc 6344 visualization\edward lie final assignment\edward lie final assignment\sample_skeleton_proj_vs2013\skeleton\sample.cpp(1843): warning C4101: 'h' : unreferenced local variable
c:\users\edward\documents\cosc 6344 visualization\edward lie final assignment\edward lie final assignment\sample_skeleton_proj_vs2013\skeleton\sample.cpp(2043): warning C4305: 'argument' : truncation from 'double' to 'GLfloat'
c:\users\edward\documents\cosc 6344 visualization\edward lie final assignment\edward lie final assignment\sample_skeleton_proj_vs2013\skeleton\sample.cpp(2348): warning C4018: '<' : signed/unsigned mismatch
c:\users\edward\documents\cosc 6344 visualization\edward lie final assignment\edward lie final assignment\sample_skeleton_proj_vs2013\skeleton\sample.cpp(2350): warning C4018: '<' : signed/unsigned mismatch
c:\users\edward\documents\cosc 6344 visualization\edward lie final assignment\edward lie final assignment\sample_skeleton_proj_vs2013\skeleton\sample.cpp(2366): warning C4018: '<' : signed/unsigned mismatch
c:\users\edward\documents\cosc 6344 visualization\edward lie final assignment\edward lie final assignment\sample_skeleton_proj_vs2013\skeleton\sample.cpp(2554): warning C4018: '<' : signed/unsigned mismatch
  ply.cpp
c:\users\edward\documents\cosc 6344 visualization\edward lie final assignment\edward lie final assignment\sample_skeleton_proj_vs2013\skeleton\ply.cpp(175): warning C4996: 'strdup': The POSIX name for this item is deprecated. Instead, use the ISO C++ conformant name: _strdup. See online help for details.
          c:\program files (x86)\microsoft visual studio 12.0\vc\include\string.h(245) : see declaration of 'strdup'
c:\users\edward\documents\cosc 6344 visualization\edward lie final assignment\edward lie final assignment\sample_skeleton_proj_vs2013\skeleton\ply.cpp(214): warning C4996: 'strcpy': This function or variable may be unsafe. Consider using strcpy_s instead. To disable deprecation, use _CRT_SECURE_NO_WARNINGS. See online help for details.
          c:\program files (x86)\microsoft visual studio 12.0\vc\include\string.h(112) : see declaration of 'strcpy'
c:\users\edward\documents\cosc 6344 visualization\edward lie final assignment\edward lie final assignment\sample_skeleton_proj_vs2013\skeleton\ply.cpp(217): warning C4996: 'strcat': This function or variable may be unsafe. Consider using strcat_s instead. To disable deprecation, use _CRT_SECURE_NO_WARNINGS. See online help for details.
          c:\program files (x86)\microsoft visual studio 12.0\vc\include\string.h(118) : see declaration of 'strcat'
c:\users\edward\documents\cosc 6344 visualization\edward lie final assignment\edward lie final assignment\sample_skeleton_proj_vs2013\skeleton\ply.cpp(221): warning C4996: 'fopen': This function or variable may be unsafe. Consider using fopen_s instead. To disable deprecation, use _CRT_SECURE_NO_WARNINGS. See online help for details.
          c:\program files (x86)\microsoft visual studio 12.0\vc\include\stdio.h(211) : see declaration of 'fopen'
c:\users\edward\documents\cosc 6344 visualization\edward lie final assignment\edward lie final assignment\sample_skeleton_proj_vs2013\skeleton\ply.cpp(207): warning C4101: 'elem' : unreferenced local variable
c:\users\edward\documents\cosc 6344 visualization\edward lie final assignment\edward lie final assignment\sample_skeleton_proj_vs2013\skeleton\ply.cpp(205): warning C4101: 'i' : unreferenced local variable
c:\users\edward\documents\cosc 6344 visualization\edward lie final assignment\edward lie final assignment\sample_skeleton_proj_vs2013\skeleton\ply.cpp(350): warning C4101: 'i' : unreferenced local variable
c:\users\edward\documents\cosc 6344 visualization\edward lie final assignment\edward lie final assignment\sample_skeleton_proj_vs2013\skeleton\ply.cpp(352): warning C4101: 'prop' : unreferenced local variable
c:\users\edward\documents\cosc 6344 visualization\edward lie final assignment\edward lie final assignment\sample_skeleton_proj_vs2013\skeleton\ply.cpp(476): warning C4101: 'i' : unreferenced local variable
c:\users\edward\documents\cosc 6344 visualization\edward lie final assignment\edward lie final assignment\sample_skeleton_proj_vs2013\skeleton\ply.cpp(672): warning C4244: '=' : conversion from 'double' to 'float', possible loss of data
c:\users\edward\documents\cosc 6344 visualization\edward lie final assignment\edward lie final assignment\sample_skeleton_proj_vs2013\skeleton\ply.cpp(707): warning C4996: 'strdup': The POSIX name for this item is deprecated. Instead, use the ISO C++ conformant name: _strdup. See online help for details.
          c:\program files (x86)\microsoft visual studio 12.0\vc\include\string.h(245) : see declaration of 'strdup'
c:\users\edward\documents\cosc 6344 visualization\edward lie final assignment\edward lie final assignment\sample_skeleton_proj_vs2013\skeleton\ply.cpp(747): warning C4996: 'strcpy': This function or variable may be unsafe. Consider using strcpy_s instead. To disable deprecation, use _CRT_SECURE_NO_WARNINGS. See online help for details.
          c:\program files (x86)\microsoft visual studio 12.0\vc\include\string.h(112) : see declaration of 'strcpy'
c:\users\edward\documents\cosc 6344 visualization\edward lie final assignment\edward lie final assignment\sample_skeleton_proj_vs2013\skeleton\ply.cpp(750): warning C4996: 'strcat': This function or variable may be unsafe. Consider using strcat_s instead. To disable deprecation, use _CRT_SECURE_NO_WARNINGS. See online help for details.
          c:\program files (x86)\microsoft visual studio 12.0\vc\include\string.h(118) : see declaration of 'strcat'
c:\users\edward\documents\cosc 6344 visualization\edward lie final assignment\edward lie final assignment\sample_skeleton_proj_vs2013\skeleton\ply.cpp(754): warning C4996: 'fopen': This function or variable may be unsafe. Consider using fopen_s instead. To disable deprecation, use _CRT_SECURE_NO_WARNINGS. See online help for details.
          c:\program files (x86)\microsoft visual studio 12.0\vc\include\stdio.h(211) : see declaration of 'fopen'
c:\users\edward\documents\cosc 6344 visualization\edward lie final assignment\edward lie final assignment\sample_skeleton_proj_vs2013\skeleton\ply.cpp(1080): warning C4996: 'strdup': The POSIX name for this item is deprecated. Instead, use the ISO C++ conformant name: _strdup. See online help for details.
          c:\program files (x86)\microsoft visual studio 12.0\vc\include\string.h(245) : see declaration of 'strdup'
c:\users\edward\documents\cosc 6344 visualization\edward lie final assignment\edward lie final assignment\sample_skeleton_proj_vs2013\skeleton\ply.cpp(1206): warning C4996: 'strdup': The POSIX name for this item is deprecated. Instead, use the ISO C++ conformant name: _strdup. See online help for details.
          c:\program files (x86)\microsoft visual studio 12.0\vc\include\string.h(245) : see declaration of 'strdup'
c:\users\edward\documents\cosc 6344 visualization\edward lie final assignment\edward lie final assignment\sample_skeleton_proj_vs2013\skeleton\ply.cpp(1321): warning C4101: 'i' : unreferenced local variable
c:\users\edward\documents\cosc 6344 visualization\edward lie final assignment\edward lie final assignment\sample_skeleton_proj_vs2013\skeleton\ply.cpp(1358): warning C4996: 'strcat': This function or variable may be unsafe. Consider using strcat_s instead. To disable deprecation, use _CRT_SECURE_NO_WARNINGS. See online help for details.
          c:\program files (x86)\microsoft visual studio 12.0\vc\include\string.h(118) : see declaration of 'strcat'
c:\users\edward\documents\cosc 6344 visualization\edward lie final assignment\edward lie final assignment\sample_skeleton_proj_vs2013\skeleton\ply.cpp(1360): warning C4996: 'strcat': This function or variable may be unsafe. Consider using strcat_s instead. To disable deprecation, use _CRT_SECURE_NO_WARNINGS. See online help for details.
          c:\program files (x86)\microsoft visual studio 12.0\vc\include\string.h(118) : see declaration of 'strcat'
c:\users\edward\documents\cosc 6344 visualization\edward lie final assignment\edward lie final assignment\sample_skeleton_proj_vs2013\skeleton\ply.cpp(1528): warning C4996: 'strdup': The POSIX name for this item is deprecated. Instead, use the ISO C++ conformant name: _strdup. See online help for details.
          c:\program files (x86)\microsoft visual studio 12.0\vc\include\string.h(245) : see declaration of 'strdup'
c:\users\edward\documents\cosc 6344 visualization\edward lie final assignment\edward lie final assignment\sample_skeleton_proj_vs2013\skeleton\ply.cpp(1427): warning C4101: 'i' : unreferenced local variable
c:\users\edward\documents\cosc 6344 visualization\edward lie final assignment\edward lie final assignment\sample_skeleton_proj_vs2013\skeleton\ply.cpp(1562): warning C4101: 'i' : unreferenced local variable
c:\users\edward\documents\cosc 6344 visualization\edward lie final assignment\edward lie final assignment\sample_skeleton_proj_vs2013\skeleton\ply.cpp(1714): warning C4101: 'i' : unreferenced local variable
c:\users\edward\documents\cosc 6344 visualization\edward lie final assignment\edward lie final assignment\sample_skeleton_proj_vs2013\skeleton\ply.cpp(1714): warning C4101: 'j' : unreferenced local variable
c:\users\edward\documents\cosc 6344 visualization\edward lie final assignment\edward lie final assignment\sample_skeleton_proj_vs2013\skeleton\ply.cpp(1926): warning C4244: '=' : conversion from 'double' to 'float', possible loss of data
c:\users\edward\documents\cosc 6344 visualization\edward lie final assignment\edward lie final assignment\sample_skeleton_proj_vs2013\skeleton\ply.cpp(2035): warning C4244: '=' : conversion from 'double' to 'int', possible loss of data
c:\users\edward\documents\cosc 6344 visualization\edward lie final assignment\edward lie final assignment\sample_skeleton_proj_vs2013\skeleton\ply.cpp(2036): warning C4244: '=' : conversion from 'double' to 'unsigned int', possible loss of data
c:\users\edward\documents\cosc 6344 visualization\edward lie final assignment\edward lie final assignment\sample_skeleton_proj_vs2013\skeleton\ply.cpp(2040): warning C4244: '=' : conversion from 'double' to 'int', possible loss of data
c:\users\edward\documents\cosc 6344 visualization\edward lie final assignment\edward lie final assignment\sample_skeleton_proj_vs2013\skeleton\ply.cpp(2041): warning C4244: '=' : conversion from 'double' to 'unsigned int', possible loss of data
c:\users\edward\documents\cosc 6344 visualization\edward lie final assignment\edward lie final assignment\sample_skeleton_proj_vs2013\skeleton\ply.cpp(2117): warning C4244: '=' : conversion from 'double' to 'int', possible loss of data
c:\users\edward\documents\cosc 6344 visualization\edward lie final assignment\edward lie final assignment\sample_skeleton_proj_vs2013\skeleton\ply.cpp(2118): warning C4244: '=' : conversion from 'double' to 'unsigned int', possible loss of data
c:\users\edward\documents\cosc 6344 visualization\edward lie final assignment\edward lie final assignment\sample_skeleton_proj_vs2013\skeleton\ply.cpp(2123): warning C4244: '=' : conversion from 'double' to 'int', possible loss of data
c:\users\edward\documents\cosc 6344 visualization\edward lie final assignment\edward lie final assignment\sample_skeleton_proj_vs2013\skeleton\ply.cpp(2124): warning C4244: '=' : conversion from 'double' to 'unsigned int', possible loss of data
c:\users\edward\documents\cosc 6344 visualization\edward lie final assignment\edward lie final assignment\sample_skeleton_proj_vs2013\skeleton\ply.cpp(2242): warning C4244: '=' : conversion from 'double' to 'float', possible loss of data
c:\users\edward\documents\cosc 6344 visualization\edward lie final assignment\edward lie final assignment\sample_skeleton_proj_vs2013\skeleton\ply.cpp(2270): warning C4996: 'strdup': The POSIX name for this item is deprecated. Instead, use the ISO C++ conformant name: _strdup. See online help for details.
          c:\program files (x86)\microsoft visual studio 12.0\vc\include\string.h(245) : see declaration of 'strdup'
c:\users\edward\documents\cosc 6344 visualization\edward lie final assignment\edward lie final assignment\sample_skeleton_proj_vs2013\skeleton\ply.cpp(2339): warning C4996: 'strdup': The POSIX name for this item is deprecated. Instead, use the ISO C++ conformant name: _strdup. See online help for details.
          c:\program files (x86)\microsoft visual studio 12.0\vc\include\string.h(245) : see declaration of 'strdup'
c:\users\edward\documents\cosc 6344 visualization\edward lie final assignment\edward lie final assignment\sample_skeleton_proj_vs2013\skeleton\ply.cpp(2345): warning C4996: 'strdup': The POSIX name for this item is deprecated. Instead, use the ISO C++ conformant name: _strdup. See online help for details.
          c:\program files (x86)\microsoft visual studio 12.0\vc\include\string.h(245) : see declaration of 'strdup'
c:\users\edward\documents\cosc 6344 visualization\edward lie final assignment\edward lie final assignment\sample_skeleton_proj_vs2013\skeleton\ply.cpp(2350): warning C4996: 'strdup': The POSIX name for this item is deprecated. Instead, use the ISO C++ conformant name: _strdup. See online help for details.
          c:\program files (x86)\microsoft visual studio 12.0\vc\include\string.h(245) : see declaration of 'strdup'
c:\users\edward\documents\cosc 6344 visualization\edward lie final assignment\edward lie final assignment\sample_skeleton_proj_vs2013\skeleton\ply.cpp(2328): warning C4101: 'count_type' : unreferenced local variable
c:\users\edward\documents\cosc 6344 visualization\edward lie final assignment\edward lie final assignment\sample_skeleton_proj_vs2013\skeleton\ply.cpp(2327): warning C4101: 'prop_type' : unreferenced local variable
c:\users\edward\documents\cosc 6344 visualization\edward lie final assignment\edward lie final assignment\sample_skeleton_proj_vs2013\skeleton\ply.cpp(2417): warning C4996: 'strdup': The POSIX name for this item is deprecated. Instead, use the ISO C++ conformant name: _strdup. See online help for details.
          c:\program files (x86)\microsoft visual studio 12.0\vc\include\string.h(245) : see declaration of 'strdup'
c:\users\edward\documents\cosc 6344 visualization\edward lie final assignment\edward lie final assignment\sample_skeleton_proj_vs2013\skeleton\ply.cpp(2531): warning C4996: 'strdup': The POSIX name for this item is deprecated. Instead, use the ISO C++ conformant name: _strdup. See online help for details.
          c:\program files (x86)\microsoft visual studio 12.0\vc\include\string.h(245) : see declaration of 'strdup'
c:\users\edward\documents\cosc 6344 visualization\edward lie final assignment\edward lie final assignment\sample_skeleton_proj_vs2013\skeleton\ply.cpp(2557): warning C4996: 'strdup': The POSIX name for this item is deprecated. Instead, use the ISO C++ conformant name: _strdup. See online help for details.
          c:\program files (x86)\microsoft visual studio 12.0\vc\include\string.h(245) : see declaration of 'strdup'
c:\users\edward\documents\cosc 6344 visualization\edward lie final assignment\edward lie final assignment\sample_skeleton_proj_vs2013\skeleton\ply.cpp(2597): warning C4996: 'strdup': The POSIX name for this item is deprecated. Instead, use the ISO C++ conformant name: _strdup. See online help for details.
          c:\program files (x86)\microsoft visual studio 12.0\vc\include\string.h(245) : see declaration of 'strdup'
c:\users\edward\documents\cosc 6344 visualization\edward lie final assignment\edward lie final assignment\sample_skeleton_proj_vs2013\skeleton\ply.cpp(2776): warning C4101: 'i' : unreferenced local variable
c:\users\edward\documents\cosc 6344 visualization\edward lie final assignment\edward lie final assignment\sample_skeleton_proj_vs2013\skeleton\ply.cpp(2778): warning C4101: 'prop' : unreferenced local variable
c:\users\edward\documents\cosc 6344 visualization\edward lie final assignment\edward lie final assignment\sample_skeleton_proj_vs2013\skeleton\ply.cpp(3061): warning C4101: 'count' : unreferenced local variable
c:\users\edward\documents\cosc 6344 visualization\edward lie final assignment\edward lie final assignment\sample_skeleton_proj_vs2013\skeleton\ply.cpp(3060): warning C4101: 'i' : unreferenced local variable
c:\users\edward\documents\cosc 6344 visualization\edward lie final assignment\edward lie final assignment\sample_skeleton_proj_vs2013\skeleton\ply.cpp(3270): warning C4996: 'strdup': The POSIX name for this item is deprecated. Instead, use the ISO C++ conformant name: _strdup. See online help for details.
          c:\program files (x86)\microsoft visual studio 12.0\vc\include\string.h(245) : see declaration of 'strdup'
  icVector.cpp
  Geometry.cpp
c:\users\edward\documents\cosc 6344 visualization\edward lie final assignment\edward lie final assignment\sample_skeleton_proj_vs2013\skeleton\geometry.cpp(204): warning C4996: 'sprintf': This function or variable may be unsafe. Consider using sprintf_s instead. To disable deprecation, use _CRT_SECURE_NO_WARNINGS. See online help for details.
          c:\program files (x86)\microsoft visual studio 12.0\vc\include\stdio.h(356) : see declaration of 'sprintf'
c:\users\edward\documents\cosc 6344 visualization\edward lie final assignment\edward lie final assignment\sample_skeleton_proj_vs2013\skeleton\geometry.cpp(217): warning C4244: '=' : conversion from 'double' to 'float', possible loss of data
c:\users\edward\documents\cosc 6344 visualization\edward lie final assignment\edward lie final assignment\sample_skeleton_proj_vs2013\skeleton\geometry.cpp(218): warning C4244: '=' : conversion from 'double' to 'float', possible loss of data
c:\users\edward\documents\cosc 6344 visualization\edward lie final assignment\edward lie final assignment\sample_skeleton_proj_vs2013\skeleton\geometry.cpp(219): warning C4244: '=' : conversion from 'double' to 'float', possible loss of data
c:\users\edward\documents\cosc 6344 visualization\edward lie final assignment\edward lie final assignment\sample_skeleton_proj_vs2013\skeleton\geometry.cpp(739): warning C4018: '<' : signed/unsigned mismatch
c:\users\edward\documents\cosc 6344 visualization\edward lie final assignment\edward lie final assignment\sample_skeleton_proj_vs2013\skeleton\geometry.cpp(783): warning C4018: '<' : signed/unsigned mismatch
c:\users\edward\documents\cosc 6344 visualization\edward lie final assignment\edward lie final assignment\sample_skeleton_proj_vs2013\skeleton\geometry.cpp(787): warning C4244: '=' : conversion from 'double' to 'float', possible loss of data
c:\users\edward\documents\cosc 6344 visualization\edward lie final assignment\edward lie final assignment\sample_skeleton_proj_vs2013\skeleton\geometry.cpp(800): warning C4018: '<' : signed/unsigned mismatch
c:\users\edward\documents\cosc 6344 visualization\edward lie final assignment\edward lie final assignment\sample_skeleton_proj_vs2013\skeleton\geometry.cpp(809): warning C4018: '<' : signed/unsigned mismatch
  Generating Code...
LINK : warning LNK4044: unrecognized option '/MTd'; ignored
Geometry.obj : warning LNK4075: ignoring '/EDITANDCONTINUE' due to '/OPT:LBR' specification
LIBCD.lib(strdup.obj) : warning LNK4099: PDB 'libcd.pdb' was not found with 'LIBCD.lib(strdup.obj)' or at 'C:\Users\Edward\Documents\COSC 6344 Visualization\Edward Lie Final Assignment\Edward Lie Final Assignment\sample_skeleton_proj_VS2013\Debug\libcd.pdb'; linking object as if no debug info
  Skeleton.vcxproj -> C:\Users\Edward\Documents\COSC 6344 Visualization\Edward Lie Final Assignment\Edward Lie Final Assignment\sample_skeleton_proj_VS2013\Debug\Skeleton.exe
